<?xml version="1.0" encoding="UTF-8"?>
<!-- Generated by org.testng.reporters.JUnitXMLReporter -->
<testsuite ignored="0" hostname="DESKTOP-BO0MO54" failures="0" tests="8" name="Default test" time="28.742" errors="0" timestamp="2026-01-19T16:20:29 IST">
  <testcase classname="testcases.TestPage" name="loginTest" time="2.239"/>
  <testcase classname="testcases.TestPage" name="homePageTest" time="0.603"/>
  <testcase classname="testcases.TestPage" name="institutionRequestTest" time="9.109"/>
  <testcase classname="testcases.TestPage" name="signviewTest" time="2.567"/>
  <testcase classname="testcases.TestPage" name="nomineeTest" time="2.72"/>
  <testcase classname="testcases.TestPage" name="faqTest" time="0.7"/>
  <testcase classname="testcases.TestPage" name="logoutTest" time="1.54"/>
  <testcase classname="testcases.TestPage" name="InvalidloginTest" time="0.877"/>
</testsuite> <!-- Default test -->
