<?xml version="1.0" encoding="UTF-8"?>
<!-- Generated by org.testng.reporters.JUnitXMLReporter -->
<testsuite ignored="0" hostname="DESKTOP-BO0MO54" failures="0" tests="8" name="Default test" time="60.513" errors="0" timestamp="2026-01-30T14:07:17 IST">
  <testcase classname="testcases.TestPage" name="loginTest" time="3.323"/>
  <testcase classname="testcases.TestPage" name="homePageTest" time="0.965"/>
  <testcase classname="testcases.TestPage" name="institutionRequestTest" time="8.346"/>
  <testcase classname="testcases.TestPage" name="signviewTest" time="6.156"/>
  <testcase classname="testcases.TestPage" name="nomineeTest" time="2.667"/>
  <testcase classname="testcases.TestPage" name="faqTest" time="0.728"/>
  <testcase classname="testcases.TestPage" name="logoutTest" time="2.142"/>
  <testcase classname="testcases.TestPage" name="InvalidloginTest" time="0.677"/>
</testsuite> <!-- Default test -->
