<?xml version="1.0" encoding="UTF-8"?>
<testng-results ignored="0" total="8" passed="8" failed="0" skipped="0">
  <reporter-output>
  </reporter-output>
  <suite started-at="2026-01-30T14:06:17 IST" name="Default suite" finished-at="2026-01-30T14:07:17 IST" duration-ms="60513">
    <groups>
    </groups>
    <test started-at="2026-01-30T14:06:17 IST" name="Default test" finished-at="2026-01-30T14:07:17 IST" duration-ms="60513">
      <class name="testcases.TestPage">
        <test-method is-config="true" signature="setUp()[pri:0, instance:testcases.TestPage@1e800aaa]" started-at="2026-01-30T14:06:17 IST" name="setUp" finished-at="2026-01-30T14:06:46 IST" duration-ms="29633" status="PASS">
          <reporter-output>
          </reporter-output>
        </test-method> <!-- setUp -->
        <test-method is-config="true" signature="objInit()[pri:0, instance:testcases.TestPage@1e800aaa]" started-at="2026-01-30T14:06:46 IST" name="objInit" finished-at="2026-01-30T14:06:47 IST" duration-ms="506" status="PASS">
          <reporter-output>
          </reporter-output>
        </test-method> <!-- objInit -->
        <test-method signature="loginTest()[pri:1, instance:testcases.TestPage@1e800aaa]" started-at="2026-01-30T14:06:47 IST" name="loginTest" finished-at="2026-01-30T14:06:50 IST" duration-ms="3323" status="PASS">
          <reporter-output>
          </reporter-output>
        </test-method> <!-- loginTest -->
        <test-method signature="homePageTest()[pri:2, instance:testcases.TestPage@1e800aaa]" started-at="2026-01-30T14:06:50 IST" name="homePageTest" finished-at="2026-01-30T14:06:51 IST" duration-ms="965" status="PASS">
          <reporter-output>
          </reporter-output>
        </test-method> <!-- homePageTest -->
        <test-method signature="institutionRequestTest()[pri:3, instance:testcases.TestPage@1e800aaa]" started-at="2026-01-30T14:06:51 IST" name="institutionRequestTest" finished-at="2026-01-30T14:07:00 IST" duration-ms="8346" status="PASS">
          <reporter-output>
          </reporter-output>
        </test-method> <!-- institutionRequestTest -->
        <test-method signature="signviewTest()[pri:4, instance:testcases.TestPage@1e800aaa]" started-at="2026-01-30T14:07:00 IST" name="signviewTest" finished-at="2026-01-30T14:07:06 IST" duration-ms="6156" status="PASS">
          <reporter-output>
          </reporter-output>
        </test-method> <!-- signviewTest -->
        <test-method signature="nomineeTest()[pri:5, instance:testcases.TestPage@1e800aaa]" started-at="2026-01-30T14:07:06 IST" name="nomineeTest" finished-at="2026-01-30T14:07:09 IST" duration-ms="2667" status="PASS">
          <reporter-output>
          </reporter-output>
        </test-method> <!-- nomineeTest -->
        <test-method signature="faqTest()[pri:6, instance:testcases.TestPage@1e800aaa]" started-at="2026-01-30T14:07:09 IST" name="faqTest" finished-at="2026-01-30T14:07:10 IST" duration-ms="728" status="PASS">
          <reporter-output>
          </reporter-output>
        </test-method> <!-- faqTest -->
        <test-method signature="logoutTest()[pri:7, instance:testcases.TestPage@1e800aaa]" started-at="2026-01-30T14:07:10 IST" name="logoutTest" finished-at="2026-01-30T14:07:12 IST" duration-ms="2142" status="PASS">
          <reporter-output>
          </reporter-output>
        </test-method> <!-- logoutTest -->
        <test-method signature="InvalidloginTest()[pri:8, instance:testcases.TestPage@1e800aaa]" started-at="2026-01-30T14:07:12 IST" name="InvalidloginTest" finished-at="2026-01-30T14:07:13 IST" duration-ms="677" status="PASS">
          <reporter-output>
          </reporter-output>
        </test-method> <!-- InvalidloginTest -->
        <test-method is-config="true" signature="tearDown()[pri:0, instance:testcases.TestPage@1e800aaa]" started-at="2026-01-30T14:07:13 IST" name="tearDown" finished-at="2026-01-30T14:07:17 IST" duration-ms="4397" status="PASS">
          <reporter-output>
          </reporter-output>
        </test-method> <!-- tearDown -->
      </class> <!-- testcases.TestPage -->
    </test> <!-- Default test -->
  </suite> <!-- Default suite -->
</testng-results>
