<?xml version="1.0" encoding="UTF-8"?>
<testng-results ignored="0" total="8" passed="8" failed="0" skipped="0">
  <reporter-output>
  </reporter-output>
  <suite started-at="2026-01-19T16:20:00 IST" name="Default suite" finished-at="2026-01-19T16:20:29 IST" duration-ms="28742">
    <groups>
    </groups>
    <test started-at="2026-01-19T16:20:00 IST" name="Default test" finished-at="2026-01-19T16:20:29 IST" duration-ms="28742">
      <class name="testcases.TestPage">
        <test-method is-config="true" signature="setUp()[pri:0, instance:testcases.TestPage@1e800aaa]" started-at="2026-01-19T16:20:00 IST" name="setUp" finished-at="2026-01-19T16:20:07 IST" duration-ms="7258" status="PASS">
          <reporter-output>
          </reporter-output>
        </test-method> <!-- setUp -->
        <test-method is-config="true" signature="objInit()[pri:0, instance:testcases.TestPage@1e800aaa]" started-at="2026-01-19T16:20:07 IST" name="objInit" finished-at="2026-01-19T16:20:07 IST" duration-ms="188" status="PASS">
          <reporter-output>
          </reporter-output>
        </test-method> <!-- objInit -->
        <test-method signature="loginTest()[pri:1, instance:testcases.TestPage@1e800aaa]" started-at="2026-01-19T16:20:07 IST" name="loginTest" finished-at="2026-01-19T16:20:10 IST" duration-ms="2239" status="PASS">
          <reporter-output>
          </reporter-output>
        </test-method> <!-- loginTest -->
        <test-method signature="homePageTest()[pri:2, instance:testcases.TestPage@1e800aaa]" started-at="2026-01-19T16:20:10 IST" name="homePageTest" finished-at="2026-01-19T16:20:10 IST" duration-ms="603" status="PASS">
          <reporter-output>
          </reporter-output>
        </test-method> <!-- homePageTest -->
        <test-method signature="institutionRequestTest()[pri:3, instance:testcases.TestPage@1e800aaa]" started-at="2026-01-19T16:20:10 IST" name="institutionRequestTest" finished-at="2026-01-19T16:20:19 IST" duration-ms="9109" status="PASS">
          <reporter-output>
          </reporter-output>
        </test-method> <!-- institutionRequestTest -->
        <test-method signature="signviewTest()[pri:4, instance:testcases.TestPage@1e800aaa]" started-at="2026-01-19T16:20:19 IST" name="signviewTest" finished-at="2026-01-19T16:20:22 IST" duration-ms="2567" status="PASS">
          <reporter-output>
          </reporter-output>
        </test-method> <!-- signviewTest -->
        <test-method signature="nomineeTest()[pri:5, instance:testcases.TestPage@1e800aaa]" started-at="2026-01-19T16:20:22 IST" name="nomineeTest" finished-at="2026-01-19T16:20:25 IST" duration-ms="2720" status="PASS">
          <reporter-output>
          </reporter-output>
        </test-method> <!-- nomineeTest -->
        <test-method signature="faqTest()[pri:6, instance:testcases.TestPage@1e800aaa]" started-at="2026-01-19T16:20:25 IST" name="faqTest" finished-at="2026-01-19T16:20:25 IST" duration-ms="700" status="PASS">
          <reporter-output>
          </reporter-output>
        </test-method> <!-- faqTest -->
        <test-method signature="logoutTest()[pri:7, instance:testcases.TestPage@1e800aaa]" started-at="2026-01-19T16:20:25 IST" name="logoutTest" finished-at="2026-01-19T16:20:27 IST" duration-ms="1540" status="PASS">
          <reporter-output>
          </reporter-output>
        </test-method> <!-- logoutTest -->
        <test-method signature="InvalidloginTest()[pri:8, instance:testcases.TestPage@1e800aaa]" started-at="2026-01-19T16:20:27 IST" name="InvalidloginTest" finished-at="2026-01-19T16:20:28 IST" duration-ms="877" status="PASS">
          <reporter-output>
          </reporter-output>
        </test-method> <!-- InvalidloginTest -->
        <test-method is-config="true" signature="tearDown()[pri:0, instance:testcases.TestPage@1e800aaa]" started-at="2026-01-19T16:20:28 IST" name="tearDown" finished-at="2026-01-19T16:20:29 IST" duration-ms="687" status="PASS">
          <reporter-output>
          </reporter-output>
        </test-method> <!-- tearDown -->
      </class> <!-- testcases.TestPage -->
    </test> <!-- Default test -->
  </suite> <!-- Default suite -->
</testng-results>
