<?xml version="1.0" encoding="UTF-8"?>
<!-- Generated by org.testng.reporters.JUnitReportReporter -->
<testsuite hostname="DESKTOP-BO0MO54" failures="0" tests="8" name="testcases.TestPage" time="20.355" errors="0" timestamp="2026-01-19T16:20:29 IST" skipped="0">
  <testcase classname="testcases.TestPage" name="loginTest" time="2.239"/>
  <testcase classname="testcases.TestPage" name="homePageTest" time="0.603"/>
  <testcase classname="testcases.TestPage" name="institutionRequestTest" time="9.109"/>
  <testcase classname="testcases.TestPage" name="signviewTest" time="2.567"/>
  <testcase classname="testcases.TestPage" name="nomineeTest" time="2.720"/>
  <testcase classname="testcases.TestPage" name="faqTest" time="0.700"/>
  <testcase classname="testcases.TestPage" name="logoutTest" time="1.540"/>
  <testcase classname="testcases.TestPage" name="InvalidloginTest" time="0.877"/>
</testsuite> <!-- testcases.TestPage -->
