<?xml version="1.0" encoding="UTF-8"?>
<!-- Generated by org.testng.reporters.JUnitReportReporter -->
<testsuite hostname="DESKTOP-BO0MO54" failures="0" tests="8" name="testcases.TestPage" time="28.749" errors="0" timestamp="2026-01-28T16:23:54 IST" skipped="0">
  <testcase classname="testcases.TestPage" name="loginTest" time="3.741"/>
  <testcase classname="testcases.TestPage" name="homePageTest" time="1.152"/>
  <testcase classname="testcases.TestPage" name="institutionRequestTest" time="3.931"/>
  <testcase classname="testcases.TestPage" name="signviewTest" time="7.948"/>
  <testcase classname="testcases.TestPage" name="nomineeTest" time="6.574"/>
  <testcase classname="testcases.TestPage" name="faqTest" time="1.850"/>
  <testcase classname="testcases.TestPage" name="logoutTest" time="2.888"/>
  <testcase classname="testcases.TestPage" name="InvalidloginTest" time="0.665"/>
</testsuite> <!-- testcases.TestPage -->
